<?xml version="1.0" encoding="UTF-8"?>
<!-- Generated by org.testng.reporters.JUnitXMLReporter -->
<testsuite ignored="0" hostname="DESKTOP-TS8BMHU" failures="0" tests="3" name="Test" time="0.114" errors="0" timestamp="2025-12-03T12:30:17 IST">
  <testcase classname="github.GithubPracticeTest" name="githubPractice" time="0.018"/>
  <testcase classname="jenkins.JenkinsPracticeTest" name="genkinsPracticeTest" time="0.003"/>
  <testcase classname="maven.MavenPracticeTest" name="mavenPracticeTest" time="0.003"/>
</testsuite> <!-- Test -->
